[debug] [2025-11-16T14:46:26.681Z] ----------------------------------------------------------------------
[debug] [2025-11-16T14:46:26.682Z] Command:       /Users/rajsekharan/.nvm/versions/node/v22.18.0/bin/node /Users/rajsekharan/.nvm/versions/node/v22.18.0/bin/firebase init hosting
[debug] [2025-11-16T14:46:26.682Z] CLI Version:   14.24.2
[debug] [2025-11-16T14:46:26.682Z] Platform:      darwin
[debug] [2025-11-16T14:46:26.682Z] Node Version:  v22.18.0
[debug] [2025-11-16T14:46:26.683Z] Time:          Sun Nov 16 2025 15:46:26 GMT+0100 (Midden-Europese standaardtijd)
[debug] [2025-11-16T14:46:26.683Z] ----------------------------------------------------------------------
[debug] 
[info] 
     ######## #### ########  ######## ########     ###     ######  ########
     ##        ##  ##     ## ##       ##     ##  ##   ##  ##       ##
     ######    ##  ########  ######   ########  #########  ######  ######
     ##        ##  ##    ##  ##       ##     ## ##     ##       ## ##
     ##       #### ##     ## ######## ########  ##     ##  ######  ########

You're about to initialize a Firebase project in this directory:

  /Users/rajsekharan/projects/foundry/projects/essential-education

[info] 
=== Project Setup
[info] 
[info] First, let's associate this project directory with a Firebase project.
[info] You can create multiple project aliases by running firebase use --add, 
[info] 
